<?xml version="1.0" encoding="UTF-8"?>
<testsuite xmlns:xsi="http://www.w3.org/2001/XMLSchema-instance" xsi:noNamespaceSchemaLocation="https://maven.apache.org/surefire/maven-surefire-plugin/xsd/surefire-test-report.xsd" name="Controller.AluguelDAOTest" time="7.855" tests="16" errors="0" skipped="0" failures="0">
  <properties>
    <property name="java.specification.version" value="18"/>
    <property name="sun.cpu.isalist" value="amd64"/>
    <property name="sun.jnu.encoding" value="Cp1252"/>
    <property name="java.class.path" value="C:\Users\Guilherme Andreotti\Desktop\pasta trabalho 2\Trabalho-integracao\Projeto\ProjetoLivraria\target\test-classes;C:\Users\Guilherme Andreotti\Desktop\pasta trabalho 2\Trabalho-integracao\Projeto\ProjetoLivraria\target\classes;C:\Users\Guilherme Andreotti\.m2\repository\org\postgresql\postgresql\42.5.0\postgresql-42.5.0.jar;C:\Users\Guilherme Andreotti\.m2\repository\org\checkerframework\checker-qual\3.5.0\checker-qual-3.5.0.jar;C:\Users\Guilherme Andreotti\.m2\repository\org\junit\jupiter\junit-jupiter-api\5.6.0\junit-jupiter-api-5.6.0.jar;C:\Users\Guilherme Andreotti\.m2\repository\org\apiguardian\apiguardian-api\1.1.0\apiguardian-api-1.1.0.jar;C:\Users\Guilherme Andreotti\.m2\repository\org\opentest4j\opentest4j\1.2.0\opentest4j-1.2.0.jar;C:\Users\Guilherme Andreotti\.m2\repository\org\junit\platform\junit-platform-commons\1.6.0\junit-platform-commons-1.6.0.jar;C:\Users\Guilherme Andreotti\.m2\repository\org\junit\jupiter\junit-jupiter-params\5.6.0\junit-jupiter-params-5.6.0.jar;C:\Users\Guilherme Andreotti\.m2\repository\org\junit\jupiter\junit-jupiter-engine\5.6.0\junit-jupiter-engine-5.6.0.jar;C:\Users\Guilherme Andreotti\.m2\repository\org\junit\platform\junit-platform-engine\1.6.0\junit-platform-engine-1.6.0.jar;"/>
    <property name="java.vm.vendor" value="Oracle Corporation"/>
    <property name="sun.arch.data.model" value="64"/>
    <property name="user.variant" value=""/>
    <property name="java.vendor.url" value="https://java.oracle.com/"/>
    <property name="user.timezone" value="America/Sao_Paulo"/>
    <property name="os.name" value="Windows 10"/>
    <property name="java.vm.specification.version" value="18"/>
    <property name="user.country" value="BR"/>
    <property name="sun.java.launcher" value="SUN_STANDARD"/>
    <property name="sun.boot.library.path" value="C:\Program Files\Java\jdk-18.0.2.1\bin"/>
    <property name="sun.java.command" value="C:\Users\GUILHE~1\AppData\Local\Temp\surefire7615443716269363091\surefirebooter11079328986799384561.jar C:\Users\Guilherme Andreotti\AppData\Local\Temp\surefire7615443716269363091 2022-11-23T22-49-24_917-jvmRun1 surefire1661283093729511389tmp surefire_05312989944256061454tmp"/>
    <property name="jdk.debug" value="release"/>
    <property name="test" value="Controller.AluguelDAOTest"/>
    <property name="surefire.test.class.path" value="C:\Users\Guilherme Andreotti\Desktop\pasta trabalho 2\Trabalho-integracao\Projeto\ProjetoLivraria\target\test-classes;C:\Users\Guilherme Andreotti\Desktop\pasta trabalho 2\Trabalho-integracao\Projeto\ProjetoLivraria\target\classes;C:\Users\Guilherme Andreotti\.m2\repository\org\postgresql\postgresql\42.5.0\postgresql-42.5.0.jar;C:\Users\Guilherme Andreotti\.m2\repository\org\checkerframework\checker-qual\3.5.0\checker-qual-3.5.0.jar;C:\Users\Guilherme Andreotti\.m2\repository\org\junit\jupiter\junit-jupiter-api\5.6.0\junit-jupiter-api-5.6.0.jar;C:\Users\Guilherme Andreotti\.m2\repository\org\apiguardian\apiguardian-api\1.1.0\apiguardian-api-1.1.0.jar;C:\Users\Guilherme Andreotti\.m2\repository\org\opentest4j\opentest4j\1.2.0\opentest4j-1.2.0.jar;C:\Users\Guilherme Andreotti\.m2\repository\org\junit\platform\junit-platform-commons\1.6.0\junit-platform-commons-1.6.0.jar;C:\Users\Guilherme Andreotti\.m2\repository\org\junit\jupiter\junit-jupiter-params\5.6.0\junit-jupiter-params-5.6.0.jar;C:\Users\Guilherme Andreotti\.m2\repository\org\junit\jupiter\junit-jupiter-engine\5.6.0\junit-jupiter-engine-5.6.0.jar;C:\Users\Guilherme Andreotti\.m2\repository\org\junit\platform\junit-platform-engine\1.6.0\junit-platform-engine-1.6.0.jar;"/>
    <property name="sun.cpu.endian" value="little"/>
    <property name="user.home" value="C:\Users\Guilherme Andreotti"/>
    <property name="user.language" value="pt"/>
    <property name="java.specification.vendor" value="Oracle Corporation"/>
    <property name="java.version.date" value="2022-08-18"/>
    <property name="java.home" value="C:\Program Files\Java\jdk-18.0.2.1"/>
    <property name="file.separator" value="\"/>
    <property name="basedir" value="C:\Users\Guilherme Andreotti\Desktop\pasta trabalho 2\Trabalho-integracao\Projeto\ProjetoLivraria"/>
    <property name="java.vm.compressedOopsMode" value="32-bit"/>
    <property name="line.separator" value="&#10;"/>
    <property name="java.vm.specification.vendor" value="Oracle Corporation"/>
    <property name="java.specification.name" value="Java Platform API Specification"/>
    <property name="surefire.real.class.path" value="C:\Users\GUILHE~1\AppData\Local\Temp\surefire7615443716269363091\surefirebooter11079328986799384561.jar"/>
    <property name="user.script" value=""/>
    <property name="sun.management.compiler" value="HotSpot 64-Bit Tiered Compilers"/>
    <property name="java.runtime.version" value="18.0.2.1+1-1"/>
    <property name="user.name" value="Guilherme Andreotti"/>
    <property name="path.separator" value=";"/>
    <property name="os.version" value="10.0"/>
    <property name="java.runtime.name" value="Java(TM) SE Runtime Environment"/>
    <property name="file.encoding" value="UTF-8"/>
    <property name="java.vm.name" value="Java HotSpot(TM) 64-Bit Server VM"/>
    <property name="maven.ext.class.path" value="C:\Program Files\NetBeans-14\netbeans\java\maven-nblib\netbeans-eventspy.jar"/>
    <property name="localRepository" value="C:\Users\Guilherme Andreotti\.m2\repository"/>
    <property name="java.vendor.url.bug" value="https://bugreport.java.com/bugreport/"/>
    <property name="java.io.tmpdir" value="C:\Users\GUILHE~1\AppData\Local\Temp\"/>
    <property name="java.version" value="18.0.2.1"/>
    <property name="user.dir" value="C:\Users\Guilherme Andreotti\Desktop\pasta trabalho 2\Trabalho-integracao\Projeto\ProjetoLivraria"/>
    <property name="os.arch" value="amd64"/>
    <property name="java.vm.specification.name" value="Java Virtual Machine Specification"/>
    <property name="sun.os.patch.level" value=""/>
    <property name="native.encoding" value="Cp1252"/>
    <property name="java.library.path" value="C:\Program Files\Java\jdk-18.0.2.1\bin;C:\Windows\Sun\Java\bin;C:\Windows\system32;C:\Windows;C:\Program Files\Common Files\Oracle\Java\javapath;C:\Windows\system32;C:\Windows;C:\Windows\System32\Wbem;C:\Windows\System32\WindowsPowerShell\v1.0\;C:\Windows\System32\OpenSSH\;C:\Program Files (x86)\NVIDIA Corporation\PhysX\Common;H:\Git\cmd;C:\Program Files\Docker\Docker\resources\bin;C:\ProgramData\DockerDesktop\version-bin;C:\Program Files\MySQL\MySQL Shell 8.0\bin\;C:\Users\Guilherme Andreotti\AppData\Local\Microsoft\WindowsApps;H:\Programas e Instaladores\Microsoft VS Code\bin;H:\tex\miktex\bin\x64\;C:\Users\Guilherme Andreotti\AppData\Local\GitHubDesktop\bin;."/>
    <property name="java.vm.info" value="mixed mode, sharing"/>
    <property name="java.vendor" value="Oracle Corporation"/>
    <property name="java.vm.version" value="18.0.2.1+1-1"/>
    <property name="sun.io.unicode.encoding" value="UnicodeLittle"/>
    <property name="java.class.version" value="62.0"/>
  </properties>
  <testcase name="DevolucaoRetornaParaLista" classname="Controller.AluguelDAOTest" time="0.563"/>
  <testcase name="DevolucaoRealizadaTest" classname="Controller.AluguelDAOTest" time="0.321"/>
  <testcase name="registroDuplo2Test" classname="Controller.AluguelDAOTest" time="0.357"/>
  <testcase name="pesquisaTabelaAluguelTest" classname="Controller.AluguelDAOTest" time="0.327"/>
  <testcase name="alterandoDataDevTest" classname="Controller.AluguelDAOTest" time="0.328"/>
  <testcase name="DevolucaoNaoRealizadaTest" classname="Controller.AluguelDAOTest" time="0.342"/>
  <testcase name="invalidoDataDevTest" classname="Controller.AluguelDAOTest" time="2.506"/>
  <testcase name="pesquisaTabelaClienteTest" classname="Controller.AluguelDAOTest" time="0.504"/>
  <testcase name="idInexistenteTest" classname="Controller.AluguelDAOTest" time="0.363"/>
  <testcase name="alterandoDataAluguelTest" classname="Controller.AluguelDAOTest" time="0.372"/>
  <testcase name="registroDuploTest" classname="Controller.AluguelDAOTest" time="0.219"/>
  <testcase name="pesquisaTabelaLivroTest" classname="Controller.AluguelDAOTest" time="0.279"/>
  <testcase name="registroSimples2Test" classname="Controller.AluguelDAOTest" time="0.356"/>
  <testcase name="registroSimples3Test" classname="Controller.AluguelDAOTest" time="0.334"/>
  <testcase name="registroSimples4Test" classname="Controller.AluguelDAOTest" time="0.323"/>
  <testcase name="registroSimplesTest" classname="Controller.AluguelDAOTest" time="0.332"/>
</testsuite>
